Start testing: May 08 19:28 CEST
----------------------------------------------------------
1/11 Testing: test_radar
1/11 Test: test_radar
Command: "/bin/sh" "/home/stefan/src/gr-radar/build2/lib/test_radar_test.sh"
Directory: /home/stefan/src/gr-radar/build2/lib
"test_radar" start time: May 08 19:28 CEST
Output:
----------------------------------------------------------


<end of output>
Test time =   0.00 sec
----------------------------------------------------------
Test Passed.
"test_radar" end time: May 08 19:28 CEST
"test_radar" time elapsed: 00:00:00
----------------------------------------------------------

2/11 Testing: qa_signal_generator_cw_c
2/11 Test: qa_signal_generator_cw_c
Command: "/bin/sh" "/home/stefan/src/gr-radar/build2/python/qa_signal_generator_cw_c_test.sh"
Directory: /home/stefan/src/gr-radar/build2/python
"qa_signal_generator_cw_c" start time: May 08 19:28 CEST
Output:
----------------------------------------------------------
.
----------------------------------------------------------------------
Ran 1 test in 0.016s

OK
<end of output>
Test time =   0.20 sec
----------------------------------------------------------
Test Passed.
"qa_signal_generator_cw_c" end time: May 08 19:28 CEST
"qa_signal_generator_cw_c" time elapsed: 00:00:00
----------------------------------------------------------

3/11 Testing: qa_signal_generator_fmcw_c
3/11 Test: qa_signal_generator_fmcw_c
Command: "/bin/sh" "/home/stefan/src/gr-radar/build2/python/qa_signal_generator_fmcw_c_test.sh"
Directory: /home/stefan/src/gr-radar/build2/python
"qa_signal_generator_fmcw_c" start time: May 08 19:28 CEST
Output:
----------------------------------------------------------
.
----------------------------------------------------------------------
Ran 1 test in 0.012s

OK
<end of output>
Test time =   0.19 sec
----------------------------------------------------------
Test Passed.
"qa_signal_generator_fmcw_c" end time: May 08 19:28 CEST
"qa_signal_generator_fmcw_c" time elapsed: 00:00:00
----------------------------------------------------------

4/11 Testing: qa_split_cc
4/11 Test: qa_split_cc
Command: "/bin/sh" "/home/stefan/src/gr-radar/build2/python/qa_split_cc_test.sh"
Directory: /home/stefan/src/gr-radar/build2/python
"qa_split_cc" start time: May 08 19:28 CEST
Output:
----------------------------------------------------------
..
----------------------------------------------------------------------
Ran 2 tests in 0.007s

OK
<end of output>
Test time =   0.19 sec
----------------------------------------------------------
Test Passed.
"qa_split_cc" end time: May 08 19:28 CEST
"qa_split_cc" time elapsed: 00:00:00
----------------------------------------------------------

5/11 Testing: qa_os_cfar_c
5/11 Test: qa_os_cfar_c
Command: "/bin/sh" "/home/stefan/src/gr-radar/build2/python/qa_os_cfar_c_test.sh"
Directory: /home/stefan/src/gr-radar/build2/python
"qa_os_cfar_c" start time: May 08 19:28 CEST
Output:
----------------------------------------------------------
.
----------------------------------------------------------------------
Ran 1 test in 0.504s

OK
<end of output>
Test time =   0.72 sec
----------------------------------------------------------
Test Passed.
"qa_os_cfar_c" end time: May 08 19:28 CEST
"qa_os_cfar_c" time elapsed: 00:00:00
----------------------------------------------------------

6/11 Testing: qa_ts_fft_cc
6/11 Test: qa_ts_fft_cc
Command: "/bin/sh" "/home/stefan/src/gr-radar/build2/python/qa_ts_fft_cc_test.sh"
Directory: /home/stefan/src/gr-radar/build2/python
"qa_ts_fft_cc" start time: May 08 19:28 CEST
Output:
----------------------------------------------------------
set_min_output_buffer on block 7 to 262144
set_min_output_buffer on block 8 to 262144
set_min_output_buffer on block 9 to 262144
set_min_output_buffer on block 10 to 262144
..
----------------------------------------------------------------------
Ran 2 tests in 0.315s

OK
<end of output>
Test time =   0.49 sec
----------------------------------------------------------
Test Passed.
"qa_ts_fft_cc" end time: May 08 19:28 CEST
"qa_ts_fft_cc" time elapsed: 00:00:00
----------------------------------------------------------

7/11 Testing: qa_estimator_cw
7/11 Test: qa_estimator_cw
Command: "/bin/sh" "/home/stefan/src/gr-radar/build2/python/qa_estimator_cw_test.sh"
Directory: /home/stefan/src/gr-radar/build2/python
"qa_estimator_cw" start time: May 08 19:28 CEST
Output:
----------------------------------------------------------
Using Volk machine: avx_64_mmx
// Print results
rx_time: 0:0 
velocity: 14.9414 

.
----------------------------------------------------------------------
Ran 1 test in 0.506s

OK
<end of output>
Test time =   0.68 sec
----------------------------------------------------------
Test Passed.
"qa_estimator_cw" end time: May 08 19:28 CEST
"qa_estimator_cw" time elapsed: 00:00:00
----------------------------------------------------------

8/11 Testing: qa_static_target_simulator_cc
8/11 Test: qa_static_target_simulator_cc
Command: "/bin/sh" "/home/stefan/src/gr-radar/build2/python/qa_static_target_simulator_cc_test.sh"
Directory: /home/stefan/src/gr-radar/build2/python
"qa_static_target_simulator_cc" start time: May 08 19:28 CEST
Output:
----------------------------------------------------------
..
----------------------------------------------------------------------
Ran 2 tests in 0.010s

OK
Using Volk machine: avx_64_mmx
<end of output>
Test time =   0.22 sec
----------------------------------------------------------
Test Passed.
"qa_static_target_simulator_cc" end time: May 08 19:28 CEST
"qa_static_target_simulator_cc" time elapsed: 00:00:00
----------------------------------------------------------

9/11 Testing: qa_signal_generator_fsk_c
9/11 Test: qa_signal_generator_fsk_c
Command: "/bin/sh" "/home/stefan/src/gr-radar/build2/python/qa_signal_generator_fsk_c_test.sh"
Directory: /home/stefan/src/gr-radar/build2/python
"qa_signal_generator_fsk_c" start time: May 08 19:28 CEST
Output:
----------------------------------------------------------
..
----------------------------------------------------------------------
Ran 2 tests in 0.017s

OK
<end of output>
Test time =   0.20 sec
----------------------------------------------------------
Test Passed.
"qa_signal_generator_fsk_c" end time: May 08 19:28 CEST
"qa_signal_generator_fsk_c" time elapsed: 00:00:00
----------------------------------------------------------

10/11 Testing: qa_split_fsk_cc
10/11 Test: qa_split_fsk_cc
Command: "/bin/sh" "/home/stefan/src/gr-radar/build2/python/qa_split_fsk_cc_test.sh"
Directory: /home/stefan/src/gr-radar/build2/python
"qa_split_fsk_cc" start time: May 08 19:28 CEST
Output:
----------------------------------------------------------
.
----------------------------------------------------------------------
Ran 1 test in 0.005s

OK
<end of output>
Test time =   0.19 sec
----------------------------------------------------------
Test Passed.
"qa_split_fsk_cc" end time: May 08 19:28 CEST
"qa_split_fsk_cc" time elapsed: 00:00:00
----------------------------------------------------------

11/11 Testing: qa_estimator_fsk
11/11 Test: qa_estimator_fsk
Command: "/bin/sh" "/home/stefan/src/gr-radar/build2/python/qa_estimator_fsk_test.sh"
Directory: /home/stefan/src/gr-radar/build2/python
"qa_estimator_fsk" start time: May 08 19:28 CEST
Output:
----------------------------------------------------------
set_min_output_buffer on block 1 to 524288
set_min_output_buffer on block 2 to 524288
set_min_output_buffer on block 3 to 524288
Using Volk machine: avx_64_mmx
set_min_output_buffer on block 4 to 524288
set_min_output_buffer on block 5 to 524288
set_min_output_buffer on block 6 to 524288
set_min_output_buffer on block 7 to 524288
set_min_output_buffer on block 8 to 524288
set_min_output_buffer on block 9 to 524288
// Print results
rx_time: 0:0 
velocity: 10.0387 -65652.7 
range: 20.0033 70.0149 

.
----------------------------------------------------------------------
Ran 1 test in 0.673s

OK
<end of output>
Test time =   0.86 sec
----------------------------------------------------------
Test Passed.
"qa_estimator_fsk" end time: May 08 19:28 CEST
"qa_estimator_fsk" time elapsed: 00:00:00
----------------------------------------------------------

End testing: May 08 19:28 CEST
